[92m✓[0m Running on http://:::8080
[14:25:50] [35mPOST  [0m /api/assets                         → [32m201[0m (66ms)
[14:38:02] [35mPOST  [0m /api/login                          → [32m200[0m (0ms)
[14:39:10] [35mPOST  [0m /api/assets                         → [32m201[0m (15ms)
[14:39:16] [35mPOST  [0m /api/assets                         → [32m201[0m (15ms)
[14:39:20] [35mPOST  [0m /api/assets                         → [32m201[0m (9ms)
[14:39:24] [35mPOST  [0m /api/assets                         → [32m201[0m (15ms)
[14:39:28] [35mPOST  [0m /api/assets                         → [32m201[0m (0ms)
[14:39:31] [35mPOST  [0m /api/assets                         → [32m201[0m (15ms)
[14:39:34] [35mPOST  [0m /api/assets                         → [32m201[0m (0ms)
[14:39:37] [35mPOST  [0m /api/assets                         → [32m201[0m (2ms)
[14:41:09] [35mPOST  [0m /api/assets                         → [33m400[0m (0ms)
[14:41:17] [35mPOST  [0m /api/assets                         → [32m201[0m (0ms)
[14:41:22] [35mPOST  [0m /api/assets                         → [32m201[0m (0ms)
[14:41:25] [35mPOST  [0m /api/assets                         → [32m201[0m (15ms)
[14:41:31] [35mPOST  [0m /api/assets                         → [32m201[0m (0ms)
[14:48:24] [36mGET   [0m /api/assets/47                      → [32m200[0m (0ms)
[14:50:08] [35mPOST  [0m /api/login                          → [32m200[0m (0ms)
[14:50:57] [36mGET   [0m /api/assets/43                      → [32m200[0m (0ms)
[14:53:49] [35mPOST  [0m /api/assets                         → [33m400[0m (4ms)
[14:57:00] [36mGET   [0m /api/auto_login                     → [32m200[0m (2ms)
[14:57:00] [36mGET   [0m /api/asset_brand                    → [32m200[0m (1ms)
[14:57:00] [36mGET   [0m /api/asset_category                 → [32m200[0m (2ms)
[14:57:00] [36mGET   [0m /api/asset_type                     → [32m200[0m (3ms)
[14:57:00] [36mGET   [0m /api/vendor                         → [33m400[0m (9ms)
[14:57:00] [36mGET   [0m /api/preparation/template           → [32m200[0m (10ms)
[14:57:00] [36mGET   [0m /api/location                       → [32m200[0m (10ms)
[14:57:00] [36mGET   [0m /api/asset_model                    → [32m200[0m (8ms)
[14:57:00] [36mGET   [0m /api/assets/                        → [32m200[0m (19ms)
[14:57:11] [35mPOST  [0m /api/login                          → [32m200[0m (3ms)
[14:57:12] [36mGET   [0m /api/asset_brand                    → [32m200[0m (0ms)
[14:57:12] [36mGET   [0m /api/asset_type                     → [32m200[0m (2ms)
[14:57:12] [36mGET   [0m /api/vendor                         → [33m400[0m (3ms)
[14:57:12] [36mGET   [0m /api/location                       → [32m200[0m (4ms)
[14:57:12] [36mGET   [0m /api/asset_category                 → [32m200[0m (2ms)
[14:57:12] [36mGET   [0m /api/asset_model                    → [32m200[0m (24ms)
[14:57:12] [36mGET   [0m /api/assets/                        → [32m200[0m (20ms)
[14:57:12] [36mGET   [0m /api/preparation/template           → [32m200[0m (25ms)
[14:57:24] [36mGET   [0m /api/assets/1045                    → [33m400[0m (0ms)
[14:57:36] [36mGET   [0m /api/assets/1045                    → [33m400[0m (1ms)
[14:57:40] [36mGET   [0m /api/assets/1045                    → [33m400[0m (0ms)
[15:03:35] [35mPOST  [0m /api/location                       → [32m201[0m (0ms)
[15:04:19] [35mPOST  [0m /api/location                       → [32m201[0m (4ms)
[15:06:08] [35mPOST  [0m /api/assets                         → [32m201[0m (21ms)
[15:06:29] [35mPOST  [0m /api/assets                         → [32m201[0m (8ms)
[15:06:50] [35mPOST  [0m /api/assets                         → [32m201[0m (8ms)
[15:06:55] [35mPOST  [0m /api/assets                         → [32m201[0m (8ms)
[15:07:18] [35mPOST  [0m /api/assets                         → [32m201[0m (15ms)
[15:07:22] [35mPOST  [0m /api/assets                         → [32m201[0m (9ms)
[15:07:54] [35mPOST  [0m /api/assets                         → [32m201[0m (8ms)
[15:07:58] [35mPOST  [0m /api/assets                         → [32m201[0m (0ms)
[15:08:35] [35mPOST  [0m /api/assets                         → [32m201[0m (16ms)
[15:08:41] [35mPOST  [0m /api/assets                         → [32m201[0m (7ms)
[15:09:58] [35mPOST  [0m /api/assets                         → [32m201[0m (3ms)
[15:10:44] [35mPOST  [0m /api/assets                         → [32m201[0m (8ms)
[15:17:06] [35mPOST  [0m /api/assets                         → [32m201[0m (8ms)
[15:17:32] [35mPOST  [0m /api/assets                         → [32m201[0m (14ms)
[15:17:41] [35mPOST  [0m /api/assets                         → [32m201[0m (9ms)
[15:17:53] [35mPOST  [0m /api/assets                         → [32m201[0m (8ms)
[15:18:09] [35mPOST  [0m /api/assets                         → [32m201[0m (8ms)
[15:19:45] [35mPOST  [0m /api/assets                         → [32m201[0m (8ms)
[15:19:48] [35mPOST  [0m /api/assets                         → [32m201[0m (8ms)
[15:24:17] [35mPOST  [0m /api/asset_model                    → [32m201[0m (15ms)
[15:24:36] [35mPOST  [0m /api/assets                         → [32m201[0m (5ms)
[15:27:51] [35mPOST  [0m /api/asset_model                    → [32m201[0m (6ms)
[15:28:16] [35mPOST  [0m /api/assets                         → [32m201[0m (6ms)
[15:43:01] [35mPOST  [0m /api/location                       → [33m400[0m (0ms)
[15:49:42] [36mGET   [0m /api/assets/183                     → [33m400[0m (0ms)
[15:53:25] [35mPOST  [0m /api/assets/347/transfer            → [32m201[0m (10ms)
[15:53:32] [35mPOST  [0m /api/assets/405/transfer            → [32m201[0m (9ms)
[15:53:47] [35mPOST  [0m /api/assets/363/transfer            → [32m201[0m (0ms)
[15:54:00] [35mPOST  [0m /api/assets/215/transfer            → [32m201[0m (7ms)
[15:54:16] [35mPOST  [0m /api/assets/218/transfer            → [32m201[0m (6ms)
[15:54:25] [35mPOST  [0m /api/assets/216/transfer            → [32m201[0m (7ms)
[15:54:35] [35mPOST  [0m /api/assets/212/transfer            → [32m201[0m (15ms)
[15:54:43] [35mPOST  [0m /api/assets/217/transfer            → [32m201[0m (7ms)
[15:54:56] [35mPOST  [0m /api/assets/419/transfer            → [32m201[0m (0ms)
[15:55:08] [35mPOST  [0m /api/assets/222/transfer            → [32m201[0m (5ms)
[15:55:18] [35mPOST  [0m /api/assets/221/transfer            → [32m201[0m (12ms)
[15:55:26] [35mPOST  [0m /api/assets/213/transfer            → [32m201[0m (5ms)
[15:55:37] [35mPOST  [0m /api/assets/220/transfer            → [32m201[0m (2ms)
[15:55:48] [35mPOST  [0m /api/assets/191/transfer            → [32m201[0m (6ms)
[15:55:58] [35mPOST  [0m /api/assets/190/transfer            → [32m201[0m (0ms)
[15:57:55] [35mPOST  [0m /api/assets/211/transfer            → [32m201[0m (16ms)
[15:58:07] [35mPOST  [0m /api/assets/214/transfer            → [32m201[0m (6ms)
[15:58:37] [35mPOST  [0m /api/assets/219/transfer            → [32m201[0m (6ms)
[16:07:10] [35mPOST  [0m /api/assets/198/transfer            → [32m201[0m (8ms)
[16:07:22] [35mPOST  [0m /api/assets/199/transfer            → [32m201[0m (10ms)
[16:07:33] [35mPOST  [0m /api/assets/200/transfer            → [32m201[0m (7ms)
[16:07:46] [35mPOST  [0m /api/assets/197/transfer            → [32m201[0m (10ms)
[16:07:55] [35mPOST  [0m /api/assets/196/transfer            → [32m201[0m (7ms)
[16:08:01] [35mPOST  [0m /api/assets/195/transfer            → [32m201[0m (6ms)
[16:08:09] [35mPOST  [0m /api/assets/194/transfer            → [32m201[0m (8ms)
[16:08:18] [35mPOST  [0m /api/assets/192/transfer            → [32m201[0m (0ms)
[16:08:29] [35mPOST  [0m /api/assets/193/transfer            → [32m201[0m (15ms)
[16:09:02] [35mPOST  [0m /api/assets/223/transfer            → [32m201[0m (17ms)
[16:09:21] [35mPOST  [0m /api/assets/224/transfer            → [32m201[0m (6ms)
[16:09:46] [35mPOST  [0m /api/assets/225/transfer            → [32m201[0m (6ms)
[16:11:49] [35mPOST  [0m /api/assets/270/transfer            → [32m201[0m (0ms)
[16:11:55] [35mPOST  [0m /api/assets/241/transfer            → [32m201[0m (8ms)
[16:12:02] [35mPOST  [0m /api/assets/240/transfer            → [32m201[0m (8ms)
[16:12:13] [35mPOST  [0m /api/assets/244/transfer            → [32m201[0m (0ms)
[16:12:27] [35mPOST  [0m /api/assets/257/transfer            → [32m201[0m (5ms)
[16:12:38] [35mPOST  [0m /api/assets/242/transfer            → [32m201[0m (9ms)
[16:12:48] [35mPOST  [0m /api/assets/276/transfer            → [32m201[0m (6ms)
[16:12:57] [35mPOST  [0m /api/assets/262/transfer            → [32m201[0m (5ms)
[16:13:28] [35mPOST  [0m /api/assets/268/transfer            → [32m201[0m (0ms)
[16:13:46] [35mPOST  [0m /api/assets/275/transfer            → [32m201[0m (13ms)
[16:14:00] [35mPOST  [0m /api/assets/273/transfer            → [32m201[0m (7ms)
[16:14:27] [35mPOST  [0m /api/assets/260/transfer            → [32m201[0m (22ms)
[16:14:35] [35mPOST  [0m /api/assets/254/transfer            → [32m201[0m (10ms)
[16:14:46] [35mPOST  [0m /api/assets/245/transfer            → [32m201[0m (6ms)
[16:14:55] [35mPOST  [0m /api/assets/238/transfer            → [32m201[0m (0ms)
[16:15:09] [35mPOST  [0m /api/assets/259/transfer            → [32m201[0m (6ms)
[16:15:18] [35mPOST  [0m /api/assets/239/transfer            → [32m201[0m (6ms)
[16:15:36] [35mPOST  [0m /api/assets/258/transfer            → [32m201[0m (2ms)
[16:15:55] [35mPOST  [0m /api/assets/267/transfer            → [32m201[0m (6ms)
[16:16:02] [35mPOST  [0m /api/assets/255/transfer            → [32m201[0m (5ms)
[16:16:11] [35mPOST  [0m /api/assets/252/transfer            → [32m201[0m (8ms)
[16:17:13] [35mPOST  [0m /api/assets/265/transfer            → [32m201[0m (8ms)
[16:17:26] [35mPOST  [0m /api/assets/264/transfer            → [32m201[0m (16ms)
[16:17:33] [35mPOST  [0m /api/assets/271/transfer            → [32m201[0m (8ms)
[16:17:57] [35mPOST  [0m /api/assets/274/transfer            → [32m201[0m (5ms)
[16:18:09] [35mPOST  [0m /api/assets/272/transfer            → [32m201[0m (7ms)
[16:18:17] [35mPOST  [0m /api/assets/248/transfer            → [32m201[0m (5ms)
[16:18:33] [35mPOST  [0m /api/assets/277/transfer            → [32m201[0m (6ms)
[16:18:43] [35mPOST  [0m /api/assets/266/transfer            → [32m201[0m (9ms)
[16:18:49] [35mPOST  [0m /api/assets/263/transfer            → [32m201[0m (6ms)
[16:18:58] [35mPOST  [0m /api/assets/256/transfer            → [32m201[0m (0ms)
[16:19:08] [35mPOST  [0m /api/assets/251/transfer            → [32m201[0m (19ms)
[16:19:32] [35mPOST  [0m /api/assets/249/transfer            → [32m201[0m (7ms)
[16:19:37] [35mPOST  [0m /api/assets/243/transfer            → [32m201[0m (4ms)
[16:19:43] [35mPOST  [0m /api/assets/253/transfer            → [32m201[0m (5ms)
[16:19:53] [35mPOST  [0m /api/assets/261/transfer            → [32m201[0m (0ms)
[16:20:03] [35mPOST  [0m /api/assets/857/transfer            → [32m201[0m (4ms)
[16:20:11] [35mPOST  [0m /api/assets/726/transfer            → [32m201[0m (4ms)
[16:20:18] [35mPOST  [0m /api/assets/250/transfer            → [32m201[0m (6ms)
[16:21:58] [35mPOST  [0m /api/assets/235/transfer            → [32m201[0m (5ms)
[16:22:04] [35mPOST  [0m /api/assets/237/transfer            → [32m201[0m (6ms)
[16:22:11] [35mPOST  [0m /api/assets/227/transfer            → [32m201[0m (5ms)
[16:22:17] [35mPOST  [0m /api/assets/229/transfer            → [32m201[0m (6ms)
[16:22:24] [35mPOST  [0m /api/assets/228/transfer            → [32m201[0m (4ms)
[16:22:30] [35mPOST  [0m /api/assets/234/transfer            → [32m201[0m (6ms)
[16:22:36] [35mPOST  [0m /api/assets/231/transfer            → [32m201[0m (0ms)
[16:22:45] [35mPOST  [0m /api/assets/236/transfer            → [32m201[0m (5ms)
[16:22:53] [35mPOST  [0m /api/assets/233/transfer            → [32m201[0m (7ms)
[16:23:01] [35mPOST  [0m /api/assets/226/transfer            → [32m201[0m (0ms)
[16:23:09] [35mPOST  [0m /api/assets/232/transfer            → [32m201[0m (6ms)
[16:23:15] [35mPOST  [0m /api/assets/230/transfer            → [32m201[0m (1ms)
[16:25:18] [36mGET   [0m /api/auto_login                     → [32m200[0m (1ms)
[16:25:18] [36mGET   [0m /api/asset_brand                    → [32m200[0m (1ms)
[16:25:18] [36mGET   [0m /api/asset_category                 → [32m200[0m (3ms)
[16:25:18] [36mGET   [0m /api/asset_type                     → [32m200[0m (3ms)
[16:25:18] [36mGET   [0m /api/location                       → [32m200[0m (9ms)
[16:25:18] [36mGET   [0m /api/asset_model                    → [32m200[0m (3ms)
[16:25:18] [36mGET   [0m /api/vendor                         → [33m400[0m (3ms)
[16:25:18] [36mGET   [0m /api/preparation/template           → [32m200[0m (31ms)
[16:25:18] [36mGET   [0m /api/assets/                        → [32m200[0m (29ms)
[16:25:37] [35mPOST  [0m /api/asset_model                    → [32m201[0m (5ms)
[16:26:03] [35mPOST  [0m /api/assets                         → [32m201[0m (0ms)
[16:33:52] [35mPOST  [0m /api/assets                         → [32m201[0m (7ms)
[16:38:34] [35mPOST  [0m /api/assets/976/transfer            → [32m201[0m (7ms)
[16:41:44] [35mPOST  [0m /api/location                       → [32m201[0m (5ms)
[16:42:03] [35mPOST  [0m /api/assets/980/transfer            → [32m201[0m (6ms)
[16:42:07] [35mPOST  [0m /api/assets/978/transfer            → [32m201[0m (7ms)
[16:42:11] [35mPOST  [0m /api/assets/981/transfer            → [32m201[0m (0ms)
[16:42:15] [35mPOST  [0m /api/assets/979/transfer            → [32m201[0m (8ms)
[17:27:18] [36mGET   [0m /api/auto_login                     → [33m401[0m (0ms)
[17:27:26] [35mPOST  [0m /api/login                          → [32m200[0m (8ms)
[17:29:25] [36mGET   [0m /api/auto_login                     → [33m401[0m (0ms)
[17:29:34] [35mPOST  [0m /api/login                          → [32m200[0m (4ms)
[17:29:34] [36mGET   [0m /api/asset_brand                    → [32m200[0m (0ms)
[17:29:34] [36mGET   [0m /api/vendor                         → [33m400[0m (15ms)
[17:29:34] [36mGET   [0m /api/asset_model                    → [32m200[0m (15ms)
[17:29:34] [36mGET   [0m /api/asset_type                     → [32m200[0m (15ms)
[17:29:34] [36mGET   [0m /api/asset_category                 → [32m200[0m (0ms)
[17:29:34] [36mGET   [0m /api/location                       → [32m200[0m (15ms)
[17:29:34] [36mGET   [0m /api/preparation/template           → [32m200[0m (17ms)
[17:29:34] [36mGET   [0m /api/assets/                        → [32m200[0m (17ms)
[09:50:58] [36mGET   [0m /api/auto_login                     → [33m401[0m (11ms)
[09:53:08] [36mGET   [0m /api/auto_login                     → [33m401[0m (0ms)
