[04:01:10] HttpMethod.get http://10.110.114.145:8080/api/auto_login
→ Status: 200 (72ms)
--------------------------------------------------------------------------------
[04:01:10] HttpMethod.get http://10.110.114.145:8080/api/asset_brand
→ Status: 200 (15ms)
--------------------------------------------------------------------------------
[04:01:10] HttpMethod.get http://10.110.114.145:8080/api/asset_model
→ Status: 200 (82ms)
--------------------------------------------------------------------------------
--
[04:01:10] HttpMethod.get http://10.110.114.145:8080/api/asset_type
→ Status: 200 (74ms)
--------------------------------------------------------------------------------
[04:01:10] HttpMethod.get http://10.110.114.145:8080/api/location
→ Status: 200 (89ms)
--------------------------------------------------------------------------------
[04:01:10] HttpMethod.get http://10.110.114.145:8080/api/preparation/template
→ Status: 200 (136ms)
--------------------------------------------------------------------------------
[04:02:52] HttpMethod.get http://10.110.114.145:8080/api/auto_login
→ Status: 200 (82ms)
------------------------------------------------------------
[04:02:52] HttpMethod.get http://10.110.114.145:8080/api/asset_brand
→ Status: 200 (30ms)
------------------------------------------------------------
[04:02:52] HttpMethod.get http://10.110.114.145:8080/api/asset_model
→ Status: 200 (78ms)
------------------------------------------------------------
--
[04:02:52] HttpMethod.get http://10.110.114.145:8080/api/location
→ Status: 200 (95ms)
------------------------------------------------------------
-
[04:02:52] HttpMethod.get http://10.110.114.145:8080/api/assets/
→ Status: 200 (123ms)
------------------------------------------------------------
[04:02:52] HttpMethod.get http://10.110.114.145:8080/api/preparation/template
→ Status: 200 (135ms)
------------------------------------------------------------
[04:05:36] GET /api/auto_login
→ Status: 200 (69ms)
--------------------------------------------------------------------------------
[04:05:36] GET /api/asset_brand
→ Status: 200 (17ms)
--------------------------------------------------------------------------------
[04:05:36] GET /api/asset_model
→ Status: 200 (113ms)
--------------------------------------------------------------------------------
-
[04:05:36] GET /api/location
→ Status: 200 (121ms)
--------------------------------------------------------------------------------
-
[04:05:37] GET /api/assets/
→ Status: 200 (171ms)
--------------------------------------------------------------------------------
[04:05:37] GET /api/preparation/template
→ Status: 200 (185ms)
--------------------------------------------------------------------------------
[04:07:54] GET /api/auto_login
→ Status: 200 (94ms)
--------------------------------------------------------------------------------
[04:07:54] GET /api/asset_brand
→ Status: 200 (83ms)
--------------------------------------------------------------------------------
[04:07:54] GET /api/asset_model
→ Status: 200 (118ms)
--------------------------------------------------------------------------------
-
[04:07:54] GET /api/asset_type
→ Status: 200 (113ms)
--------------------------------------------------------------------------------
[04:07:54] GET /api/location
→ Status: 200 (131ms)
--------------------------------------------------------------------------------
[04:07:54] GET /api/assets/
→ Status: 200 (165ms)
--------------------------------------------------------------------------------
[04:07:54] GET /api/preparation/template
→ Status: 200 (183ms)
--------------------------------------------------------------------------------
[04:08:34] GET /api/assets/43
→ Status: 200 (10ms)
--------------------------------------------------------------------------------
[04:08:39] GET /api/assets/44
→ Status: 200 (1ms)
--------------------------------------------------------------------------------
[04:08:42] GET /api/assets/45
→ Status: 200 (2ms)
--------------------------------------------------------------------------------
[04:08:45] GET /api/assets/46
→ Status: 200 (3ms)
--------------------------------------------------------------------------------
[04:08:51] GET /api/assets/64
→ Status: 200 (1ms)
--------------------------------------------------------------------------------
[04:09:10] GET /api/assets/67
→ Status: 200 (3ms)
--------------------------------------------------------------------------------
[09:12:47] GET /api/auto_login
→ Status: 200 (103ms)
--------------------------------------------------------------------------------
[09:12:47] GET /api/asset_brand
→ Status: 200 (13ms)
--------------------------------------------------------------------------------
[09:12:47] GET /api/asset_category
→ Status: 200 (50ms)
--------------------------------------------------------------------------------
[09:12:47] GET /api/asset_type
→ Status: 200 (71ms)
--------------------------------------------------------------------------------

[09:12:47] GET /api/location
→ Status: 200 (83ms)
--------------------------------------------------------------------------------
[09:12:47] GET /api/assets/
→ Status: 200 (126ms)
--------------------------------------------------------------------------------
------------
[09:27:45] POST /api/login
→ Status: 200 (145ms)
--------------------------------------------------------------------------------
[10:16:40] POST /api/login
→ Status: 200 (25ms)
--------------------------------------------------------------------------------
[10:17:03] GET /api/assets/43
→ Status: 200 (25ms)
--------------------------------------------------------------------------------
[10:17:17] GET /api/assets/43
→ Status: 200 (3ms)
--------------------------------------------------------------------------------
[10:17:20] GET /api/assets/44
→ Status: 200 (3ms)
--------------------------------------------------------------------------------
[11:10:41] POST /api/location
→ Status: 201 (81ms)
--------------------------------------------------------------------------------
[11:12:11] POST /api/assets/348/transfer
→ Status: 201 (34ms)
--------------------------------------------------------------------------------
[11:12:22] POST /api/assets/318/transfer
→ Status: 201 (10ms)
--------------------------------------------------------------------------------
[11:12:33] POST /api/assets/320/transfer
→ Status: 201 (11ms)
--------------------------------------------------------------------------------
[11:12:45] POST /api/assets/321/transfer
→ Status: 201 (9ms)
--------------------------------------------------------------------------------
[11:13:53] POST /api/assets/352/transfer
→ Status: 201 (7ms)
--------------------------------------------------------------------------------
[11:14:19] POST /api/login
→ Status: 200 (6ms)
--------------------------------------------------------------------------------
[11:14:19] GET /api/asset_category
→ Status: 200 (5ms)
--------------------------------------------------------------------------------
[11:14:19] GET /api/asset_type
→ Status: 200 (10ms)
--------------------------------------------------------------------------------
[11:14:19] GET /api/preparation/template
→ Status: 200 (42ms)
--------------------------------------------------------------------------------
[11:14:29] POST /api/assets/356/transfer
→ Status: 201 (9ms)
--------------------------------------------------------------------------------
[11:14:37] POST /api/assets/333/transfer
→ Status: 201 (8ms)
--------------------------------------------------------------------------------
[11:14:59] POST /api/assets/345/transfer
→ Status: 201 (7ms)
--------------------------------------------------------------------------------
[11:15:15] POST /api/assets/344/transfer
→ Status: 201 (9ms)
--------------------------------------------------------------------------------
[11:15:48] POST /api/assets/346/transfer
→ Status: 201 (7ms)
--------------------------------------------------------------------------------
[11:15:53] POST /api/assets/355/transfer
→ Status: 201 (10ms)
--------------------------------------------------------------------------------
[11:16:08] POST /api/assets/351/transfer
→ Status: 201 (9ms)
--------------------------------------------------------------------------------
[11:16:24] POST /api/assets/353/transfer
→ Status: 201 (8ms)
--------------------------------------------------------------------------------
[11:16:54] POST /api/assets/338/transfer
→ Status: 201 (36ms)
--------------------------------------------------------------------------------
[11:17:49] GET /api/assets/355
→ Status: 200 (3ms)
--------------------------------------------------------------------------------
[11:18:03] GET /api/assets/346
→ Status: 200 (2ms)
--------------------------------------------------------------------------------
[11:18:10] GET /api/assets/351
→ Status: 200 (1ms)
--------------------------------------------------------------------------------
[11:18:17] GET /api/assets/353
→ Status: 200 (3ms)
--------------------------------------------------------------------------------
[11:18:22] POST /api/login
→ Status: 200 (3ms)
--------------------------------------------------------------------------------
[11:18:22] GET /api/asset_brand
→ Status: 200 (1ms)
--------------------------------------------------------------------------------
[11:18:22] GET /api/asset_category
→ Status: 200 (3ms)
--------------------------------------------------------------------------------
[11:18:22] GET /api/asset_type
→ Status: 200 (13ms)
--------------------------------------------------------------------------------

[11:18:22] GET /api/assets/
→ Status: 200 (34ms)
--------------------------------------------------------------------------------
[11:18:22] GET /api/preparation/template
→ Status: 200 (38ms)
--------------------------------------------------------------------------------
[11:19:23] POST /api/assets/337/transfer
→ Status: 201 (10ms)
--------------------------------------------------------------------------------
[11:20:04] POST /api/assets/365/transfer
→ Status: 201 (9ms)
--------------------------------------------------------------------------------
[11:21:07] POST /api/assets/364/transfer
→ Status: 201 (10ms)
--------------------------------------------------------------------------------
[11:26:37] POST /api/location
→ Status: 201 (6ms)
--------------------------------------------------------------------------------
[11:27:14] POST /api/location
→ Status: 201 (6ms)
--------------------------------------------------------------------------------
[11:27:34] POST /api/location
→ Status: 201 (6ms)
--------------------------------------------------------------------------------
[11:27:45] POST /api/location
→ Status: 201 (4ms)
--------------------------------------------------------------------------------
[11:27:54] POST /api/location
→ Status: 201 (5ms)
--------------------------------------------------------------------------------
[11:28:20] POST /api/location
→ Status: 201 (5ms)
--------------------------------------------------------------------------------
[11:28:33] POST /api/location
→ Status: 201 (6ms)
--------------------------------------------------------------------------------
[11:28:43] POST /api/location
→ Status: 201 (5ms)
--------------------------------------------------------------------------------
[11:28:52] POST /api/location
→ Status: 201 (6ms)
--------------------------------------------------------------------------------
[11:29:04] POST /api/location
→ Status: 201 (7ms)
--------------------------------------------------------------------------------
[11:31:16] POST /api/assets/144/transfer
→ Status: 201 (11ms)
--------------------------------------------------------------------------------
[11:31:21] POST /api/assets/143/transfer
→ Status: 201 (8ms)
--------------------------------------------------------------------------------
[11:31:25] POST /api/assets/140/transfer
→ Status: 201 (7ms)
--------------------------------------------------------------------------------
[11:31:59] POST /api/assets/161/transfer
→ Status: 201 (10ms)
--------------------------------------------------------------------------------
[11:32:03] POST /api/assets/159/transfer
→ Status: 201 (9ms)
--------------------------------------------------------------------------------
[11:32:07] POST /api/assets/156/transfer
→ Status: 201 (12ms)
--------------------------------------------------------------------------------
[11:32:12] POST /api/assets/153/transfer
→ Status: 201 (15ms)
--------------------------------------------------------------------------------
[11:32:18] POST /api/assets/152/transfer
→ Status: 201 (9ms)
--------------------------------------------------------------------------------
[11:32:22] POST /api/assets/149/transfer
→ Status: 201 (6ms)
--------------------------------------------------------------------------------
[11:37:21] POST /api/assets
→ Status: 201 (10ms)
--------------------------------------------------------------------------------
[11:37:59] POST /api/assets
→ Status: 201 (6ms)
--------------------------------------------------------------------------------
[11:38:59] POST /api/assets/297/transfer
→ Status: 201 (10ms)
--------------------------------------------------------------------------------
[11:39:03] POST /api/assets/292/transfer
→ Status: 201 (13ms)
--------------------------------------------------------------------------------
[11:39:07] POST /api/assets/284/transfer
→ Status: 201 (11ms)
--------------------------------------------------------------------------------
[11:39:13] POST /api/assets/295/transfer
→ Status: 201 (8ms)
--------------------------------------------------------------------------------
[11:39:20] POST /api/assets/288/transfer
→ Status: 201 (7ms)
--------------------------------------------------------------------------------
[11:39:57] POST /api/assets/280/transfer
→ Status: 201 (8ms)
--------------------------------------------------------------------------------
[11:40:01] POST /api/assets/281/transfer
→ Status: 201 (8ms)
--------------------------------------------------------------------------------
[11:40:05] POST /api/assets/282/transfer
→ Status: 201 (6ms)
--------------------------------------------------------------------------------
[11:40:10] POST /api/assets/283/transfer
→ Status: 201 (7ms)
--------------------------------------------------------------------------------
[11:40:32] GET /api/auto_login
→ Status: 200 (6ms)
--------------------------------------------------------------------------------
[11:40:32] GET /api/asset_brand
→ Status: 200 (0ms)
--------------------------------------------------------------------------------
[11:40:32] GET /api/asset_category
→ Status: 200 (1ms)
--------------------------------------------------------------------------------
[11:40:32] GET /api/location
→ Status: 200 (8ms)
--------------------------------------------------------------------------------
[11:40:32] GET /api/assets/
→ Status: 200 (30ms)
--------------------------------------------------------------------------------
------------
[11:40:43] POST /api/assets/305/transfer
→ Status: 201 (7ms)
--------------------------------------------------------------------------------
[11:40:47] POST /api/assets/312/transfer
→ Status: 201 (8ms)
--------------------------------------------------------------------------------
[11:40:52] POST /api/assets/309/transfer
→ Status: 201 (8ms)
--------------------------------------------------------------------------------
[11:42:09] POST /api/assets
→ Status: 201 (7ms)
--------------------------------------------------------------------------------
[11:56:45] POST /api/asset_model
→ Status: 201 (39ms)
--------------------------------------------------------------------------------
[11:57:08] POST /api/assets
→ Status: 201 (6ms)
--------------------------------------------------------------------------------
[11:58:36] GET /api/auto_login
→ Status: 200 (3ms)
--------------------------------------------------------------------------------
[11:58:36] GET /api/asset_brand
→ Status: 200 (4ms)
--------------------------------------------------------------------------------
[11:58:36] GET /api/asset_type
→ Status: 200 (3ms)
--------------------------------------------------------------------------------

--
[11:58:36] GET /api/location
→ Status: 200 (13ms)
--------------------------------------------------------------------------------
[11:58:36] GET /api/assets/
→ Status: 200 (45ms)
--------------------------------------------------------------------------------
------------
[12:01:09] POST /api/asset_brand
→ Status: 201 (12ms)
--------------------------------------------------------------------------------
[14:11:43] POST /api/login
→ Status: 200 (109ms)
--------------------------------------------------------------------------------
[14:11:43] GET /api/asset_brand
→ Status: 200 (53ms)
--------------------------------------------------------------------------------
[14:11:43] GET /api/asset_category
→ Status: 200 (59ms)
--------------------------------------------------------------------------------
[14:11:43] GET /api/asset_type
→ Status: 200 (69ms)
--------------------------------------------------------------------------------

[14:11:43] GET /api/location
→ Status: 200 (82ms)
--------------------------------------------------------------------------------
[14:11:43] GET /api/preparation/template
→ Status: 200 (136ms)
--------------------------------------------------------------------------------
[15:17:05] POST /api/login
→ Status: 200 (292ms)
--------------------------------------------------------------------------------
[15:35:22] POST /api/preparation
→ Status: 201 (75ms)
--------------------------------------------------------------------------------
[15:40:56] POST /api/preparation
→ Status: 201 (69ms)
--------------------------------------------------------------------------------
[15:42:06] GET /api/preparation
→ Status: 200 (11ms)
--------------------------------------------------------------------------------
[15:42:32] GET /api/preparation/1
→ Status: 200 (16ms)
--------------------------------------------------------------------------------
[15:43:14] PUT /api/preparation/1
→ Status: 200 (32ms)
--------------------------------------------------------------------------------
[15:44:51] PUT /api/preparation/1
→ Status: 200 (38ms)
--------------------------------------------------------------------------------
[15:45:16] PUT /api/preparation/1
→ Status: 200 (21ms)
--------------------------------------------------------------------------------
[15:48:03] PUT /api/preparation/1
→ Status: 200 (15ms)
--------------------------------------------------------------------------------
[15:49:00] PUT /api/preparation/1
→ Status: 200 (28ms)
--------------------------------------------------------------------------------
[15:50:58] PUT /api/preparation/1
→ Status: 200 (19ms)
--------------------------------------------------------------------------------
[15:51:31] PUT /api/preparation/1
→ Status: 200 (14ms)
--------------------------------------------------------------------------------
[21:04:00] PUT /api/preparation/1
→ Status: 200 (70ms)
--------------------------------------------------------------------------------
[23:10:32] POST /api/preparation_template
→ Status: 201 (213ms)
--------------------------------------------------------------------------------
[23:11:46] GET /api/preparation_template
→ Status: 200 (14ms)
--------------------------------------------------------------------------------
[23:17:24] POST /api/login
→ Status: 200 (38ms)
--------------------------------------------------------------------------------
[23:19:00] POST /api/preparation_template/10
→ Status: 201 (89ms)
--------------------------------------------------------------------------------
[23:19:30] GET /api/preparation_template/10
→ Status: 201 (10ms)
--------------------------------------------------------------------------------
[23:20:25] GET /api/preparation
→ Status: 200 (20ms)
--------------------------------------------------------------------------------
[23:21:07] POST /api/preparation
→ Status: 201 (20ms)
--------------------------------------------------------------------------------
[23:22:20] POST /api/preparation/1/detail
→ Status: 201 (29ms)
--------------------------------------------------------------------------------
[23:24:36] POST /api/preparation/1/detail
→ Status: 201 (11ms)
--------------------------------------------------------------------------------
[23:25:24] POST /api/preparation/1/detail
→ Status: 201 (14ms)
--------------------------------------------------------------------------------
[23:27:39] POST /api/preparation
→ Status: 201 (252ms)
--------------------------------------------------------------------------------
[23:28:02] POST /api/preparation/1/detail
→ Status: 201 (35ms)
--------------------------------------------------------------------------------
[23:28:07] POST /api/preparation/1/detail
→ Status: 201 (20ms)
--------------------------------------------------------------------------------
[23:28:12] POST /api/preparation/1/detail
→ Status: 201 (18ms)
--------------------------------------------------------------------------------
[23:28:17] POST /api/preparation/1/detail
→ Status: 201 (17ms)
--------------------------------------------------------------------------------
[23:28:36] GET /api/preparation
→ Status: 200 (12ms)
--------------------------------------------------------------------------------
[23:28:51] GET /api/preparation/1
→ Status: 200 (11ms)
--------------------------------------------------------------------------------
[23:29:27] PUT /api/preparation/1
→ Status: 200 (24ms)
--------------------------------------------------------------------------------
[23:29:58] GET /api/preparation/1/detail
→ Status: 200 (15ms)
--------------------------------------------------------------------------------
[23:31:00] GET /api/preparation/1/detail/2
→ Status: 200 (20ms)
--------------------------------------------------------------------------------
[23:41:26] PUT /api/preparation/1/detail/2
→ Status: 200 (251ms)
--------------------------------------------------------------------------------
[23:43:02] PUT /api/preparation/1/detail/2
→ Status: 200 (39ms)
--------------------------------------------------------------------------------
[06:51:32] GET /api/preparation/1/detail
→ Status: 200 (344ms)
--------------------------------------------------------------------------------
[06:55:38] POST /api/preparation/1/detail/1/item
→ Status: 201 (61ms)
--------------------------------------------------------------------------------
[06:56:11] GET /api/preparation/1/detail
→ Status: 200 (18ms)
--------------------------------------------------------------------------------
[06:57:02] POST /api/preparation/1/detail/1/item
→ Status: 201 (30ms)
--------------------------------------------------------------------------------
[18:08:46] POST /api/login
→ Status: 200 (214ms)
--------------------------------------------------------------------------------
[18:09:03] GET /api/preparation/1/detail/1
→ Status: 200 (33ms)
--------------------------------------------------------------------------------
[18:09:13] GET /api/preparation/1/detail
→ Status: 200 (25ms)
--------------------------------------------------------------------------------
[18:10:13] GET /api/preparation/1/detail/1/item
→ Status: 200 (28ms)
--------------------------------------------------------------------------------
[18:37:58] GET /api/preparation/1/items
→ Status: 200 (597ms)
--------------------------------------------------------------------------------
[18:38:26] GET /api/preparation/1/detail/1/item
→ Status: 200 (22ms)
--------------------------------------------------------------------------------
[19:21:31] POST /api/login
→ Status: 200 (226ms)
--------------------------------------------------------------------------------
[19:21:32] GET /api/asset_brand
→ Status: 200 (269ms)
--------------------------------------------------------------------------------
[19:21:32] GET /api/asset_model
→ Status: 200 (431ms)
--------------------------------------------------------------------------------
--
[19:21:32] GET /api/asset_type
→ Status: 200 (421ms)
--------------------------------------------------------------------------------
[19:21:32] GET /api/location
→ Status: 200 (481ms)
--------------------------------------------------------------------------------
[19:21:33] GET /api/vendor
→ Status: 200 (774ms)
--------------------------------------------------------------------------------
[19:21:33] GET /api/assets/
→ Status: 200 (1345ms)
--------------------------------------------------------------------------------
[19:23:14] GET /api/auto_login
→ Status: 200 (21ms)
--------------------------------------------------------------------------------
[19:23:15] GET /api/asset_brand
→ Status: 200 (12ms)
--------------------------------------------------------------------------------
[19:23:15] GET /api/asset_model
→ Status: 200 (112ms)
--------------------------------------------------------------------------------
-
[19:23:15] GET /api/vendor
→ Status: 200 (150ms)
--------------------------------------------------------------------------------
---
[19:23:15] GET /api/location
→ Status: 200 (136ms)
--------------------------------------------------------------------------------
[19:23:16] GET /api/assets/
→ Status: 200 (590ms)
--------------------------------------------------------------------------------
[19:28:09] GET /api/auto_login
→ Status: 200 (52ms)
--------------------------------------------------------------------------------
[19:28:11] GET /api/asset_brand
→ Status: 200 (60ms)
--------------------------------------------------------------------------------
[19:28:11] GET /api/asset_model
→ Status: 200 (173ms)
--------------------------------------------------------------------------------
--
[19:28:11] GET /api/vendor
→ Status: 200 (140ms)
--------------------------------------------------------------------------------
[19:28:11] GET /api/assets/
→ Status: 200 (331ms)
--------------------------------------------------------------------------------
[19:29:03] GET /api/auto_login
→ Status: 200 (110ms)
--------------------------------------------------------------------------------
[19:29:04] GET /api/asset_brand
→ Status: 200 (119ms)
--------------------------------------------------------------------------------
[19:29:05] GET /api/asset_model
→ Status: 200 (366ms)
--------------------------------------------------------------------------------
[19:29:05] GET /api/assets/
→ Status: 200 (342ms)
--------------------------------------------------------------------------------

-
[19:29:05] GET /api/asset_category
→ Status: 200 (334ms)
--------------------------------------------------------------------------------
[19:29:10] GET /api/auto_login
→ Status: 200 (23ms)
--------------------------------------------------------------------------------
[19:29:11] GET /api/asset_brand
→ Status: 200 (32ms)
--------------------------------------------------------------------------------
[19:29:11] GET /api/location
→ Status: 200 (82ms)
--------------------------------------------------------------------------------
---
-
[19:29:11] GET /api/vendor
→ Status: 200 (75ms)
--------------------------------------------------------------------------------
[19:29:11] GET /api/assets/
→ Status: 200 (169ms)
--------------------------------------------------------------------------------
[19:29:13] GET /api/preparation
→ Status: 200 (29ms)
--------------------------------------------------------------------------------
[06:24:11] POST /api/login
→ Status: 200 (142ms)
--------------------------------------------------------------------------------
[06:24:12] GET /api/asset_brand
→ Status: 200 (24ms)
--------------------------------------------------------------------------------
[06:24:12] GET /api/asset_category
→ Status: 200 (107ms)
--------------------------------------------------------------------------------
[06:24:12] GET /api/asset_model
→ Status: 200 (143ms)
--------------------------------------------------------------------------------
[06:24:12] GET /api/location
→ Status: 200 (139ms)
--------------------------------------------------------------------------------
-
[06:24:12] GET /api/vendor
→ Status: 200 (135ms)
--------------------------------------------------------------------------------
[06:24:13] GET /api/assets/
→ Status: 200 (237ms)
--------------------------------------------------------------------------------
[06:24:14] GET /api/preparation
→ Status: 200 (9ms)
--------------------------------------------------------------------------------
[06:41:20] GET /api/auto_login
→ Status: 200 (0ms)
--------------------------------------------------------------------------------
[06:41:21] GET /api/asset_brand
→ Status: 200 (15ms)
--------------------------------------------------------------------------------
[06:41:21] GET /api/asset_type
→ Status: 200 (9ms)
--------------------------------------------------------------------------------
-
--
[06:41:21] GET /api/vendor
→ Status: 200 (13ms)
--------------------------------------------------------------------------------
-
[06:41:21] GET /api/assets/
→ Status: 200 (45ms)
--------------------------------------------------------------------------------
[06:41:25] GET /api/user
→ Status: 200 (19ms)
--------------------------------------------------------------------------------
[06:41:28] GET /api/preparation
→ Status: 200 (0ms)
--------------------------------------------------------------------------------
[06:43:55] GET /api/auto_login
→ Status: 200 (0ms)
--------------------------------------------------------------------------------
[06:43:57] GET /api/asset_brand
→ Status: 200 (10ms)
--------------------------------------------------------------------------------
[06:43:57] GET /api/asset_model
→ Status: 200 (13ms)
--------------------------------------------------------------------------------
--
[06:43:57] GET /api/vendor
→ Status: 200 (15ms)
--------------------------------------------------------------------------------
-
[06:43:57] GET /api/assets/
→ Status: 200 (51ms)
--------------------------------------------------------------------------------
[06:43:59] GET /api/preparation
→ Status: 200 (0ms)
--------------------------------------------------------------------------------
[06:44:29] GET /api/auto_login
→ Status: 200 (5ms)
--------------------------------------------------------------------------------
[06:44:30] GET /api/asset_brand
→ Status: 200 (3ms)
--------------------------------------------------------------------------------
[06:44:30] GET /api/asset_model
→ Status: 200 (11ms)
--------------------------------------------------------------------------------
-
[06:44:30] GET /api/asset_type
→ Status: 200 (2ms)
--------------------------------------------------------------------------------
[06:44:31] GET /api/location
→ Status: 200 (8ms)
--------------------------------------------------------------------------------
[06:44:31] GET /api/assets/
→ Status: 200 (23ms)
--------------------------------------------------------------------------------
[06:44:32] GET /api/preparation
→ Status: 200 (3ms)
--------------------------------------------------------------------------------
[06:45:10] GET /api/auto_login
→ Status: 200 (0ms)
--------------------------------------------------------------------------------
[06:45:11] GET /api/asset_brand
→ Status: 200 (1ms)
--------------------------------------------------------------------------------
[06:45:11] GET /api/asset_model
→ Status: 200 (18ms)
--------------------------------------------------------------------------------
[06:45:11] GET /api/assets/
→ Status: 200 (33ms)
--------------------------------------------------------------------------------
--
---
[06:45:16] GET /api/preparation
→ Status: 200 (3ms)
--------------------------------------------------------------------------------
[06:45:36] GET /api/auto_login
→ Status: 200 (0ms)
--------------------------------------------------------------------------------
[06:45:37] GET /api/asset_brand
→ Status: 200 (2ms)
--------------------------------------------------------------------------------
[06:45:37] GET /api/vendor
→ Status: 200 (9ms)
--------------------------------------------------------------------------------
[06:45:37] GET /api/assets/
→ Status: 200 (39ms)
--------------------------------------------------------------------------------
[06:45:37] GET /api/location
→ Status: 200 (45ms)
--------------------------------------------------------------------------------
-
[06:45:37] GET /api/asset_model
→ Status: 200 (44ms)
--------------------------------------------------------------------------------
[06:45:37] GET /api/asset_category
→ Status: 200 (37ms)
--------------------------------------------------------------------------------
[06:59:12] POST /api/login
→ Status: 200 (80ms)
--------------------------------------------------------------------------------
[07:04:45] POST /api/preparation_template
→ Status: 201 (46ms)
--------------------------------------------------------------------------------
[07:04:45] POST /api/preparation_template/1
→ Status: 201 (31ms)
--------------------------------------------------------------------------------
[07:04:47] GET /api/preparation
→ Status: 200 (15ms)
--------------------------------------------------------------------------------
[07:05:13] GET /api/auto_login
→ Status: 200 (15ms)
--------------------------------------------------------------------------------
[07:05:15] GET /api/asset_brand
→ Status: 200 (8ms)
--------------------------------------------------------------------------------
[07:05:15] GET /api/asset_category
→ Status: 200 (32ms)
--------------------------------------------------------------------------------
[07:05:15] GET /api/asset_model
→ Status: 200 (55ms)
--------------------------------------------------------------------------------
[07:05:15] GET /api/assets/
→ Status: 200 (103ms)
--------------------------------------------------------------------------------
[07:05:15] GET /api/preparation_template
→ Status: 200 (111ms)
--------------------------------------------------------------------------------
[07:05:28] GET /api/preparation
→ Status: 200 (2ms)
--------------------------------------------------------------------------------
[07:06:29] GET /api/auto_login
→ Status: 200 (2ms)
--------------------------------------------------------------------------------
[07:06:31] GET /api/asset_brand
→ Status: 200 (0ms)
--------------------------------------------------------------------------------
[07:06:31] GET /api/asset_category
→ Status: 200 (13ms)
--------------------------------------------------------------------------------
[07:06:31] GET /api/vendor
→ Status: 200 (30ms)
--------------------------------------------------------------------------------
-
-

[07:06:31] GET /api/preparation_template
→ Status: 200 (63ms)
--------------------------------------------------------------------------------
[07:06:34] GET /api/preparation
→ Status: 200 (4ms)
--------------------------------------------------------------------------------
[07:06:36] GET /api/user
→ Status: 200 (15ms)
--------------------------------------------------------------------------------
[07:14:09] GET /api/auto_login
→ Status: 200 (24ms)
--------------------------------------------------------------------------------
