[09:52:46] GET /api/auto_login
→ Status: 401 (42ms)
--------------------------------------------------------------------------------
[09:52:57] GET /api/vendor
→ Status: 400 (30ms)
--------------------------------------------------------------------------------
[11:34:38] GET /api/auto_login
→ Status: 401 (95ms)
--------------------------------------------------------------------------------
[11:35:06] POST /api/login
→ Status: 400 (281ms)
--------------------------------------------------------------------------------
[11:35:12] POST /api/login
→ Status: 400 (15ms)
--------------------------------------------------------------------------------
[11:35:15] GET /api/vendor
→ Status: 400 (125ms)
--------------------------------------------------------------------------------
[16:19:15] GET /api/auto_login
→ Status: 401 (32ms)
--------------------------------------------------------------------------------
[16:19:28] GET /api/vendor
→ Status: 400 (159ms)
--------------------------------------------------------------------------------
[09:29:53] GET /api/auto_login
→ Status: 401 (0ms)
--------------------------------------------------------------------------------
[09:30:03] ERROR HttpMethod.post /api/login
Bad state: Cannot write to socket, it is closed
#0      BufferedSocket.writeBufferPart (package:mysql1/src/buffered_socket.dart:133:7)
#1      BufferedSocket.writeBuffer (package:mysql1/src/buffered_socket.dart:127:12)
#2      ReqRespConnection._sendBufferPart (package:mysql1/src/single_connection.dart:432:19)
#3      ReqRespConnection.sendBuffer (package:mysql1/src/single_connection.dart:420:14)
#4      ReqRespConnection._processHandler (package:mysql1/src/single_connection.dart:467:11)
#5      ReqRespConnection.processHandlerWithResults.<anonymous closure> (package:mysql1/src/single_connection.dart:492:19)
#6      Pool.withResource (package:pool/pool.dart:127:28)
<asynchronous suspension>
#7      MySqlConnection.transaction (package:mysql1/src/single_connection.dart:213:5)
<asynchronous suspension>
#8      UserLocalDataSourceImpl.login (package:asset_management_api/features/users/data/source/user_local_data_source_impl.dart:196:22)
<asynchronous suspension>
#9      UserRepositoryImpl.login (package:asset_management_api/features/users/data/repositories/user_repository_impl.dart:87:24)
<asynchronous suspension>
#10     LoginResponse.login (package:asset_management_api/features/users/presentation/response/login_response.dart:20:24)
<asynchronous suspension>
#11     onRequest (file:///C:/Development/asset_management_api/build/routes/api/login/index.dart:11:12)
<asynchronous suspension>
#12     RouterEntry.invoke.<anonymous closure> (package:dart_frog/src/router.dart:424:16)
<asynchronous suspension>
#13     RouterEntry.invoke (package:dart_frog/src/router.dart:413:12)
<asynchronous suspension>
#14     Router.call (package:dart_frog/src/router.dart:189:26)
<asynchronous suspension>
#15     Router._invokeMountedHandler (package:dart_frog/src/router.dart:166:12)
<asynchronous suspension>
#16     RouterEntry.invoke.<anonymous closure> (package:dart_frog/src/router.dart:418:16)
<asynchronous suspension>
#17     RouterEntry.invoke (package:dart_frog/src/router.dart:413:12)
<asynchronous suspension>
#18     Router.call (package:dart_frog/src/router.dart:189:26)
<asynchronous suspension>
#19     logger.<anonymous closure> (package:asset_management_api/injectors/logger_injector.dart:20:18)
<asynchronous suspension>
#20     fromShelfMiddleware.<anonymous closure>.<anonymous closure>.<anonymous closure> (package:dart_frog/src/shelf_adapters.dart:9:28)
<asynchronous suspension>
#21     fromShelfMiddleware.<anonymous closure>.<anonymous closure> (package:dart_frog/src/shelf_adapters.dart:7:24)
<asynchronous suspension>
#22     toShelfHandler.<anonymous closure> (package:dart_frog/src/shelf_adapters.dart:43:22)
<asynchronous suspension>
#23     fromShelfHandler.<anonymous closure> (package:dart_frog/src/shelf_adapters.dart:34:22)
<asynchronous suspension>
#24     serve.<anonymous closure> (package:dart_frog/src/serve.dart:26:24)
<asynchronous suspension>
#25     handleRequest (package:shelf/shelf_io.dart:140:16)
<asynchronous suspension>

--------------------------------------------------------------------------------
[09:31:18] GET /api/auto_login
→ Status: 401 (31ms)
--------------------------------------------------------------------------------
[09:31:30] POST /api/login
→ Status: 400 (39ms)
--------------------------------------------------------------------------------
[09:31:39] GET /api/vendor
→ Status: 400 (103ms)
--------------------------------------------------------------------------------
[10:43:08] GET /api/vendor
→ Status: 400 (22ms)
--------------------------------------------------------------------------------
[12:18:47] POST /api/assets
→ Status: 400 (15ms)
--------------------------------------------------------------------------------
[15:12:13] ERROR HttpMethod.post /api/login
Bad state: Cannot write to socket, it is closed
#0      BufferedSocket.writeBufferPart (package:mysql1/src/buffered_socket.dart:133:7)
#1      BufferedSocket.writeBuffer (package:mysql1/src/buffered_socket.dart:127:12)
#2      ReqRespConnection._sendBufferPart (package:mysql1/src/single_connection.dart:432:19)
#3      ReqRespConnection.sendBuffer (package:mysql1/src/single_connection.dart:420:14)
#4      ReqRespConnection._processHandler (package:mysql1/src/single_connection.dart:467:11)
#5      ReqRespConnection.processHandlerWithResults.<anonymous closure> (package:mysql1/src/single_connection.dart:492:19)
#6      Pool.withResource (package:pool/pool.dart:127:28)
<asynchronous suspension>
#7      MySqlConnection.transaction (package:mysql1/src/single_connection.dart:213:5)
<asynchronous suspension>
#8      UserLocalDataSourceImpl.login (package:asset_management_api/features/users/data/source/user_local_data_source_impl.dart:196:22)
<asynchronous suspension>
#9      UserRepositoryImpl.login (package:asset_management_api/features/users/data/repositories/user_repository_impl.dart:87:24)
<asynchronous suspension>
#10     LoginResponse.login (package:asset_management_api/features/users/presentation/response/login_response.dart:20:24)
<asynchronous suspension>
#11     onRequest (file:///C:/Development/asset_management_api/build/routes/api/login/index.dart:11:12)
<asynchronous suspension>
#12     RouterEntry.invoke.<anonymous closure> (package:dart_frog/src/router.dart:424:16)
<asynchronous suspension>
#13     RouterEntry.invoke (package:dart_frog/src/router.dart:413:12)
<asynchronous suspension>
#14     Router.call (package:dart_frog/src/router.dart:189:26)
<asynchronous suspension>
#15     Router._invokeMountedHandler (package:dart_frog/src/router.dart:166:12)
<asynchronous suspension>
#16     RouterEntry.invoke.<anonymous closure> (package:dart_frog/src/router.dart:418:16)
<asynchronous suspension>
#17     RouterEntry.invoke (package:dart_frog/src/router.dart:413:12)
<asynchronous suspension>
#18     Router.call (package:dart_frog/src/router.dart:189:26)
<asynchronous suspension>
#19     logger.<anonymous closure> (package:asset_management_api/injectors/logger_injector.dart:20:18)
<asynchronous suspension>
#20     fromShelfMiddleware.<anonymous closure>.<anonymous closure>.<anonymous closure> (package:dart_frog/src/shelf_adapters.dart:9:28)
<asynchronous suspension>
#21     fromShelfMiddleware.<anonymous closure>.<anonymous closure> (package:dart_frog/src/shelf_adapters.dart:7:24)
<asynchronous suspension>
#22     toShelfHandler.<anonymous closure> (package:dart_frog/src/shelf_adapters.dart:43:22)
<asynchronous suspension>
#23     fromShelfHandler.<anonymous closure> (package:dart_frog/src/shelf_adapters.dart:34:22)
<asynchronous suspension>
#24     serve.<anonymous closure> (package:dart_frog/src/serve.dart:26:24)
<asynchronous suspension>
#25     handleRequest (package:shelf/shelf_io.dart:140:16)
<asynchronous suspension>

--------------------------------------------------------------------------------
[15:13:25] GET /api/vendor
→ Status: 400 (58ms)
--------------------------------------------------------------------------------
[11:49:23] GET /api/auto_login
→ Status: 401 (26ms)
--------------------------------------------------------------------------------
[11:51:08] GET /api/auto_login
→ Status: 401 (0ms)
--------------------------------------------------------------------------------
[11:51:16] GET /api/vendor
→ Status: 400 (39ms)
--------------------------------------------------------------------------------
[11:51:16] GET /api/location
→ Status: 400 (137ms)
--------------------------------------------------------------------------------
[11:53:31] GET /api/location
→ Status: 400 (166ms)
--------------------------------------------------------------------------------
[11:53:31] GET /api/vendor
→ Status: 400 (164ms)
--------------------------------------------------------------------------------
[11:54:33] GET /api/location
→ Status: 400 (92ms)
--------------------------------------------------------------------------------
[11:54:33] GET /api/vendor
→ Status: 400 (88ms)
--------------------------------------------------------------------------------
[11:54:58] GET /api/location
→ Status: 400 (35ms)
--------------------------------------------------------------------------------
[11:54:58] GET /api/vendor
→ Status: 400 (22ms)
--------------------------------------------------------------------------------
[11:56:31] GET /api/vendor
→ Status: 400 (34ms)
--------------------------------------------------------------------------------
[11:56:31] GET /api/location
→ Status: 400 (91ms)
--------------------------------------------------------------------------------
[11:56:50] GET /api/location
→ Status: 400 (23ms)
--------------------------------------------------------------------------------
[11:56:50] GET /api/vendor
→ Status: 400 (16ms)
--------------------------------------------------------------------------------
[11:59:04] GET /api/vendor
→ Status: 400 (80ms)
--------------------------------------------------------------------------------
[15:23:27] GET /api/assets/1762
→ Status: 400 (5ms)
--------------------------------------------------------------------------------
[15:23:35] GET /api/assets/1761
→ Status: 400 (15ms)
--------------------------------------------------------------------------------
[15:23:45] GET /api/assets/1763
→ Status: 400 (0ms)
--------------------------------------------------------------------------------
[15:24:01] GET /api/assets/1758
→ Status: 400 (1ms)
--------------------------------------------------------------------------------
[15:24:12] GET /api/assets/1760
→ Status: 400 (0ms)
--------------------------------------------------------------------------------
[15:24:19] GET /api/assets/1759
→ Status: 400 (1ms)
--------------------------------------------------------------------------------
[11:15:22] GET /api/auto_login
→ Status: 401 (15ms)
--------------------------------------------------------------------------------
[13:12:55] ERROR HttpMethod.post /api/login
Bad state: Cannot write to socket, it is closed
#0      BufferedSocket.writeBufferPart (package:mysql1/src/buffered_socket.dart:133:7)
#1      BufferedSocket.writeBuffer (package:mysql1/src/buffered_socket.dart:127:12)
#2      ReqRespConnection._sendBufferPart (package:mysql1/src/single_connection.dart:432:19)
#3      ReqRespConnection.sendBuffer (package:mysql1/src/single_connection.dart:420:14)
#4      ReqRespConnection._processHandler (package:mysql1/src/single_connection.dart:467:11)
#5      ReqRespConnection.processHandlerWithResults.<anonymous closure> (package:mysql1/src/single_connection.dart:492:19)
#6      Pool.withResource (package:pool/pool.dart:127:28)
<asynchronous suspension>
#7      MySqlConnection.transaction (package:mysql1/src/single_connection.dart:213:5)
<asynchronous suspension>
#8      UserLocalDataSourceImpl.login (package:asset_management_api/features/users/data/source/user_local_data_source_impl.dart:196:22)
<asynchronous suspension>
#9      UserRepositoryImpl.login (package:asset_management_api/features/users/data/repositories/user_repository_impl.dart:87:24)
<asynchronous suspension>
#10     LoginResponse.login (package:asset_management_api/features/users/presentation/response/login_response.dart:20:24)
<asynchronous suspension>
#11     onRequest (file:///C:/Development/asset_management_api/build/routes/api/login/index.dart:11:12)
<asynchronous suspension>
#12     RouterEntry.invoke.<anonymous closure> (package:dart_frog/src/router.dart:424:16)
<asynchronous suspension>
#13     RouterEntry.invoke (package:dart_frog/src/router.dart:413:12)
<asynchronous suspension>
#14     Router.call (package:dart_frog/src/router.dart:189:26)
<asynchronous suspension>
#15     Router._invokeMountedHandler (package:dart_frog/src/router.dart:166:12)
<asynchronous suspension>
#16     RouterEntry.invoke.<anonymous closure> (package:dart_frog/src/router.dart:418:16)
<asynchronous suspension>
#17     RouterEntry.invoke (package:dart_frog/src/router.dart:413:12)
<asynchronous suspension>
#18     Router.call (package:dart_frog/src/router.dart:189:26)
<asynchronous suspension>
#19     logger.<anonymous closure> (package:asset_management_api/injectors/logger_injector.dart:20:18)
<asynchronous suspension>
#20     fromShelfMiddleware.<anonymous closure>.<anonymous closure>.<anonymous closure> (package:dart_frog/src/shelf_adapters.dart:9:28)
<asynchronous suspension>
#21     fromShelfMiddleware.<anonymous closure>.<anonymous closure> (package:dart_frog/src/shelf_adapters.dart:7:24)
<asynchronous suspension>
#22     toShelfHandler.<anonymous closure> (package:dart_frog/src/shelf_adapters.dart:43:22)
<asynchronous suspension>
#23     fromShelfHandler.<anonymous closure> (package:dart_frog/src/shelf_adapters.dart:34:22)
<asynchronous suspension>
#24     serve.<anonymous closure> (package:dart_frog/src/serve.dart:26:24)
<asynchronous suspension>
#25     handleRequest (package:shelf/shelf_io.dart:140:16)
<asynchronous suspension>

--------------------------------------------------------------------------------
[10:43:48] GET /api/auto_login
→ Status: 401 (41ms)
--------------------------------------------------------------------------------
[10:44:02] GET /api/vendor
→ Status: 400 (53ms)
--------------------------------------------------------------------------------
[10:48:39] GET /api/auto_login
→ Status: 401 (0ms)
--------------------------------------------------------------------------------
[10:49:25] GET /api/vendor
→ Status: 400 (100ms)
--------------------------------------------------------------------------------
