[14:25:50] POST /api/assets
→ Status: 201 (66ms)
--------------------------------------------------------------------------------
[14:38:02] POST /api/login
→ Status: 200 (0ms)
--------------------------------------------------------------------------------
[14:39:10] POST /api/assets
→ Status: 201 (15ms)
--------------------------------------------------------------------------------
[14:39:16] POST /api/assets
→ Status: 201 (15ms)
--------------------------------------------------------------------------------
[14:39:20] POST /api/assets
→ Status: 201 (9ms)
--------------------------------------------------------------------------------
[14:39:24] POST /api/assets
→ Status: 201 (15ms)
--------------------------------------------------------------------------------
[14:39:28] POST /api/assets
→ Status: 201 (0ms)
--------------------------------------------------------------------------------
[14:39:31] POST /api/assets
→ Status: 201 (15ms)
--------------------------------------------------------------------------------
[14:39:34] POST /api/assets
→ Status: 201 (0ms)
--------------------------------------------------------------------------------
[14:39:37] POST /api/assets
→ Status: 201 (2ms)
--------------------------------------------------------------------------------
[14:41:17] POST /api/assets
→ Status: 201 (0ms)
--------------------------------------------------------------------------------
[14:41:22] POST /api/assets
→ Status: 201 (0ms)
--------------------------------------------------------------------------------
[14:41:25] POST /api/assets
→ Status: 201 (15ms)
--------------------------------------------------------------------------------
[14:41:31] POST /api/assets
→ Status: 201 (0ms)
--------------------------------------------------------------------------------
[14:48:24] GET /api/assets/47
→ Status: 200 (0ms)
--------------------------------------------------------------------------------
[14:50:08] POST /api/login
→ Status: 200 (0ms)
--------------------------------------------------------------------------------
[14:50:57] GET /api/assets/43
→ Status: 200 (0ms)
--------------------------------------------------------------------------------
[14:56:59] GET /api/auto_login
→ Status: 200 (2ms)
--------------------------------------------------------------------------------
[14:57:00] GET /api/asset_brand
→ Status: 200 (1ms)
--------------------------------------------------------------------------------
[14:57:00] GET /api/asset_type
→ Status: 200 (3ms)
--------------------------------------------------------------------------------
---
[14:57:00] GET /api/asset_model
→ Status: 200 (8ms)
--------------------------------------------------------------------------------
---------
[14:57:00] GET /api/assets/
→ Status: 200 (19ms)
--------------------------------------------------------------------------------
[14:57:11] POST /api/login
→ Status: 200 (3ms)
--------------------------------------------------------------------------------
[14:57:12] GET /api/asset_brand
→ Status: 200 (0ms)
--------------------------------------------------------------------------------
[14:57:12] GET /api/asset_type
→ Status: 200 (2ms)
--------------------------------------------------------------------------------
[14:57:12] GET /api/asset_category
→ Status: 200 (2ms)
--------------------------------------------------------------------------------
[14:57:12] GET /api/assets/
→ Status: 200 (20ms)
--------------------------------------------------------------------------------
------------
[15:03:35] POST /api/location
→ Status: 201 (0ms)
--------------------------------------------------------------------------------
[15:04:19] POST /api/location
→ Status: 201 (4ms)
--------------------------------------------------------------------------------
[15:06:08] POST /api/assets
→ Status: 201 (21ms)
--------------------------------------------------------------------------------
[15:06:29] POST /api/assets
→ Status: 201 (8ms)
--------------------------------------------------------------------------------
[15:06:50] POST /api/assets
→ Status: 201 (8ms)
--------------------------------------------------------------------------------
[15:06:55] POST /api/assets
→ Status: 201 (8ms)
--------------------------------------------------------------------------------
[15:07:18] POST /api/assets
→ Status: 201 (15ms)
--------------------------------------------------------------------------------
[15:07:22] POST /api/assets
→ Status: 201 (9ms)
--------------------------------------------------------------------------------
[15:07:54] POST /api/assets
→ Status: 201 (8ms)
--------------------------------------------------------------------------------
[15:07:58] POST /api/assets
→ Status: 201 (0ms)
--------------------------------------------------------------------------------
[15:08:35] POST /api/assets
→ Status: 201 (16ms)
--------------------------------------------------------------------------------
[15:08:41] POST /api/assets
→ Status: 201 (7ms)
--------------------------------------------------------------------------------
[15:09:58] POST /api/assets
→ Status: 201 (3ms)
--------------------------------------------------------------------------------
[15:10:44] POST /api/assets
→ Status: 201 (8ms)
--------------------------------------------------------------------------------
[15:17:06] POST /api/assets
→ Status: 201 (8ms)
--------------------------------------------------------------------------------
[15:17:32] POST /api/assets
→ Status: 201 (14ms)
--------------------------------------------------------------------------------
[15:17:41] POST /api/assets
→ Status: 201 (9ms)
--------------------------------------------------------------------------------
[15:17:53] POST /api/assets
→ Status: 201 (8ms)
--------------------------------------------------------------------------------
[15:18:09] POST /api/assets
→ Status: 201 (8ms)
--------------------------------------------------------------------------------
[15:19:45] POST /api/assets
→ Status: 201 (8ms)
--------------------------------------------------------------------------------
[15:19:48] POST /api/assets
→ Status: 201 (8ms)
--------------------------------------------------------------------------------
[15:24:17] POST /api/asset_model
→ Status: 201 (15ms)
--------------------------------------------------------------------------------
[15:24:36] POST /api/assets
→ Status: 201 (5ms)
--------------------------------------------------------------------------------
[15:27:51] POST /api/asset_model
→ Status: 201 (6ms)
--------------------------------------------------------------------------------
[15:28:16] POST /api/assets
→ Status: 201 (6ms)
--------------------------------------------------------------------------------
[15:53:25] POST /api/assets/347/transfer
→ Status: 201 (10ms)
--------------------------------------------------------------------------------
[15:53:32] POST /api/assets/405/transfer
→ Status: 201 (9ms)
--------------------------------------------------------------------------------
[15:53:47] POST /api/assets/363/transfer
→ Status: 201 (0ms)
--------------------------------------------------------------------------------
[15:54:00] POST /api/assets/215/transfer
→ Status: 201 (7ms)
--------------------------------------------------------------------------------
[15:54:16] POST /api/assets/218/transfer
→ Status: 201 (6ms)
--------------------------------------------------------------------------------
[15:54:25] POST /api/assets/216/transfer
→ Status: 201 (7ms)
--------------------------------------------------------------------------------
[15:54:35] POST /api/assets/212/transfer
→ Status: 201 (15ms)
--------------------------------------------------------------------------------
[15:54:43] POST /api/assets/217/transfer
→ Status: 201 (7ms)
--------------------------------------------------------------------------------
[15:54:56] POST /api/assets/419/transfer
→ Status: 201 (0ms)
--------------------------------------------------------------------------------
[15:55:08] POST /api/assets/222/transfer
→ Status: 201 (5ms)
--------------------------------------------------------------------------------
[15:55:18] POST /api/assets/221/transfer
→ Status: 201 (12ms)
--------------------------------------------------------------------------------
[15:55:26] POST /api/assets/213/transfer
→ Status: 201 (5ms)
--------------------------------------------------------------------------------
[15:55:37] POST /api/assets/220/transfer
→ Status: 201 (2ms)
--------------------------------------------------------------------------------
[15:55:48] POST /api/assets/191/transfer
→ Status: 201 (6ms)
--------------------------------------------------------------------------------
[15:55:58] POST /api/assets/190/transfer
→ Status: 201 (0ms)
--------------------------------------------------------------------------------
[15:57:55] POST /api/assets/211/transfer
→ Status: 201 (16ms)
--------------------------------------------------------------------------------
[15:58:07] POST /api/assets/214/transfer
→ Status: 201 (6ms)
--------------------------------------------------------------------------------
[15:58:37] POST /api/assets/219/transfer
→ Status: 201 (6ms)
--------------------------------------------------------------------------------
[16:07:10] POST /api/assets/198/transfer
→ Status: 201 (8ms)
--------------------------------------------------------------------------------
[16:07:22] POST /api/assets/199/transfer
→ Status: 201 (10ms)
--------------------------------------------------------------------------------
[16:07:33] POST /api/assets/200/transfer
→ Status: 201 (7ms)
--------------------------------------------------------------------------------
[16:07:46] POST /api/assets/197/transfer
→ Status: 201 (10ms)
--------------------------------------------------------------------------------
[16:07:55] POST /api/assets/196/transfer
→ Status: 201 (7ms)
--------------------------------------------------------------------------------
[16:08:01] POST /api/assets/195/transfer
→ Status: 201 (6ms)
--------------------------------------------------------------------------------
[16:08:09] POST /api/assets/194/transfer
→ Status: 201 (8ms)
--------------------------------------------------------------------------------
[16:08:18] POST /api/assets/192/transfer
→ Status: 201 (0ms)
--------------------------------------------------------------------------------
[16:08:29] POST /api/assets/193/transfer
→ Status: 201 (15ms)
--------------------------------------------------------------------------------
[16:09:02] POST /api/assets/223/transfer
→ Status: 201 (17ms)
--------------------------------------------------------------------------------
[16:09:21] POST /api/assets/224/transfer
→ Status: 201 (6ms)
--------------------------------------------------------------------------------
[16:09:46] POST /api/assets/225/transfer
→ Status: 201 (6ms)
--------------------------------------------------------------------------------
[16:11:49] POST /api/assets/270/transfer
→ Status: 201 (0ms)
--------------------------------------------------------------------------------
[16:11:55] POST /api/assets/241/transfer
→ Status: 201 (8ms)
--------------------------------------------------------------------------------
[16:12:02] POST /api/assets/240/transfer
→ Status: 201 (8ms)
--------------------------------------------------------------------------------
[16:12:13] POST /api/assets/244/transfer
→ Status: 201 (0ms)
--------------------------------------------------------------------------------
[16:12:27] POST /api/assets/257/transfer
→ Status: 201 (5ms)
--------------------------------------------------------------------------------
[16:12:38] POST /api/assets/242/transfer
→ Status: 201 (9ms)
--------------------------------------------------------------------------------
[16:12:48] POST /api/assets/276/transfer
→ Status: 201 (6ms)
--------------------------------------------------------------------------------
[16:12:57] POST /api/assets/262/transfer
→ Status: 201 (5ms)
--------------------------------------------------------------------------------
[16:13:28] POST /api/assets/268/transfer
→ Status: 201 (0ms)
--------------------------------------------------------------------------------
[16:13:46] POST /api/assets/275/transfer
→ Status: 201 (13ms)
--------------------------------------------------------------------------------
[16:14:00] POST /api/assets/273/transfer
→ Status: 201 (7ms)
--------------------------------------------------------------------------------
[16:14:27] POST /api/assets/260/transfer
→ Status: 201 (22ms)
--------------------------------------------------------------------------------
[16:14:35] POST /api/assets/254/transfer
→ Status: 201 (10ms)
--------------------------------------------------------------------------------
[16:14:46] POST /api/assets/245/transfer
→ Status: 201 (6ms)
--------------------------------------------------------------------------------
[16:14:55] POST /api/assets/238/transfer
→ Status: 201 (0ms)
--------------------------------------------------------------------------------
[16:15:09] POST /api/assets/259/transfer
→ Status: 201 (6ms)
--------------------------------------------------------------------------------
[16:15:18] POST /api/assets/239/transfer
→ Status: 201 (6ms)
--------------------------------------------------------------------------------
[16:15:36] POST /api/assets/258/transfer
→ Status: 201 (2ms)
--------------------------------------------------------------------------------
[16:15:55] POST /api/assets/267/transfer
→ Status: 201 (6ms)
--------------------------------------------------------------------------------
[16:16:02] POST /api/assets/255/transfer
→ Status: 201 (5ms)
--------------------------------------------------------------------------------
[16:16:11] POST /api/assets/252/transfer
→ Status: 201 (8ms)
--------------------------------------------------------------------------------
[16:17:13] POST /api/assets/265/transfer
→ Status: 201 (8ms)
--------------------------------------------------------------------------------
[16:17:26] POST /api/assets/264/transfer
→ Status: 201 (16ms)
--------------------------------------------------------------------------------
[16:17:33] POST /api/assets/271/transfer
→ Status: 201 (8ms)
--------------------------------------------------------------------------------
[16:17:57] POST /api/assets/274/transfer
→ Status: 201 (5ms)
--------------------------------------------------------------------------------
[16:18:09] POST /api/assets/272/transfer
→ Status: 201 (7ms)
--------------------------------------------------------------------------------
[16:18:17] POST /api/assets/248/transfer
→ Status: 201 (5ms)
--------------------------------------------------------------------------------
[16:18:33] POST /api/assets/277/transfer
→ Status: 201 (6ms)
--------------------------------------------------------------------------------
[16:18:43] POST /api/assets/266/transfer
→ Status: 201 (9ms)
--------------------------------------------------------------------------------
[16:18:49] POST /api/assets/263/transfer
→ Status: 201 (6ms)
--------------------------------------------------------------------------------
[16:18:58] POST /api/assets/256/transfer
→ Status: 201 (0ms)
--------------------------------------------------------------------------------
[16:19:08] POST /api/assets/251/transfer
→ Status: 201 (19ms)
--------------------------------------------------------------------------------
[16:19:32] POST /api/assets/249/transfer
→ Status: 201 (7ms)
--------------------------------------------------------------------------------
[16:19:37] POST /api/assets/243/transfer
→ Status: 201 (4ms)
--------------------------------------------------------------------------------
[16:19:43] POST /api/assets/253/transfer
→ Status: 201 (5ms)
--------------------------------------------------------------------------------
[16:19:53] POST /api/assets/261/transfer
→ Status: 201 (0ms)
--------------------------------------------------------------------------------
[16:20:03] POST /api/assets/857/transfer
→ Status: 201 (4ms)
--------------------------------------------------------------------------------
[16:20:11] POST /api/assets/726/transfer
→ Status: 201 (4ms)
--------------------------------------------------------------------------------
[16:20:18] POST /api/assets/250/transfer
→ Status: 201 (6ms)
--------------------------------------------------------------------------------
[16:21:58] POST /api/assets/235/transfer
→ Status: 201 (5ms)
--------------------------------------------------------------------------------
[16:22:04] POST /api/assets/237/transfer
→ Status: 201 (6ms)
--------------------------------------------------------------------------------
[16:22:11] POST /api/assets/227/transfer
→ Status: 201 (5ms)
--------------------------------------------------------------------------------
[16:22:17] POST /api/assets/229/transfer
→ Status: 201 (6ms)
--------------------------------------------------------------------------------
[16:22:24] POST /api/assets/228/transfer
→ Status: 201 (4ms)
--------------------------------------------------------------------------------
[16:22:30] POST /api/assets/234/transfer
→ Status: 201 (6ms)
--------------------------------------------------------------------------------
[16:22:36] POST /api/assets/231/transfer
→ Status: 201 (0ms)
--------------------------------------------------------------------------------
[16:22:45] POST /api/assets/236/transfer
→ Status: 201 (5ms)
--------------------------------------------------------------------------------
[16:22:53] POST /api/assets/233/transfer
→ Status: 201 (7ms)
--------------------------------------------------------------------------------
[16:23:01] POST /api/assets/226/transfer
→ Status: 201 (0ms)
--------------------------------------------------------------------------------
[16:23:09] POST /api/assets/232/transfer
→ Status: 201 (6ms)
--------------------------------------------------------------------------------
[16:23:15] POST /api/assets/230/transfer
→ Status: 201 (1ms)
--------------------------------------------------------------------------------
[16:25:18] GET /api/auto_login
→ Status: 200 (1ms)
--------------------------------------------------------------------------------
[16:25:18] GET /api/asset_brand
→ Status: 200 (1ms)
--------------------------------------------------------------------------------
[16:25:18] GET /api/asset_type
→ Status: 200 (3ms)
--------------------------------------------------------------------------------
---
[16:25:18] GET /api/location
→ Status: 200 (9ms)
--------------------------------------------------------------------------------
--
[16:25:18] GET /api/assets/
→ Status: 200 (29ms)
--------------------------------------------------------------------------------
------------
[16:25:37] POST /api/asset_model
→ Status: 201 (5ms)
--------------------------------------------------------------------------------
[16:26:03] POST /api/assets
→ Status: 201 (0ms)
--------------------------------------------------------------------------------
[16:33:52] POST /api/assets
→ Status: 201 (7ms)
--------------------------------------------------------------------------------
[16:38:34] POST /api/assets/976/transfer
→ Status: 201 (7ms)
--------------------------------------------------------------------------------
[16:41:44] POST /api/location
→ Status: 201 (5ms)
--------------------------------------------------------------------------------
[16:42:03] POST /api/assets/980/transfer
→ Status: 201 (6ms)
--------------------------------------------------------------------------------
[16:42:07] POST /api/assets/978/transfer
→ Status: 201 (7ms)
--------------------------------------------------------------------------------
[16:42:11] POST /api/assets/981/transfer
→ Status: 201 (0ms)
--------------------------------------------------------------------------------
[16:42:15] POST /api/assets/979/transfer
→ Status: 201 (8ms)
--------------------------------------------------------------------------------
[17:27:26] POST /api/login
→ Status: 200 (8ms)
--------------------------------------------------------------------------------
[17:29:34] POST /api/login
→ Status: 200 (4ms)
--------------------------------------------------------------------------------
[17:29:34] GET /api/asset_brand
→ Status: 200 (0ms)
--------------------------------------------------------------------------------
[17:29:34] GET /api/asset_type
→ Status: 200 (15ms)
--------------------------------------------------------------------------------
--
[17:29:34] GET /api/location
→ Status: 200 (15ms)
--------------------------------------------------------------------------------
[17:29:34] GET /api/assets/
→ Status: 200 (17ms)
--------------------------------------------------------------------------------
------------
